::1 - - [31/Jul/2019:21:16:09 +0000] "GET /api/users/signup HTTP/1.1" 500 197
::1 - - [31/Jul/2019:21:16:13 +0000] "POST /api/users/signup HTTP/1.1" 400 313
::1 - - [31/Jul/2019:21:16:39 +0000] "POST /api/users/signup HTTP/1.1" 400 313
::1 - - [31/Jul/2019:21:16:55 +0000] "POST /api/users/signup HTTP/1.1" 400 313
::1 - - [31/Jul/2019:21:17:47 +0000] "POST /api/users/signup HTTP/1.1" 400 313
::1 - - [31/Jul/2019:21:21:58 +0000] "POST /api/users/signup HTTP/1.1" 400 -
::1 - - [01/Aug/2019:11:37:58 +0000] "GET / HTTP/1.1" 200 5
::1 - - [01/Aug/2019:12:13:19 +0000] "GET / HTTP/1.1" 200 -
::1 - - [01/Aug/2019:12:13:19 +0000] "GET /runtime-es2015.703a23e48ad83c851e49.js HTTP/1.1" 200 -
::1 - - [01/Aug/2019:12:13:19 +0000] "GET /assets/jquery-2.1.4.min.js HTTP/1.1" 200 -
::1 - - [01/Aug/2019:12:13:19 +0000] "GET /polyfills-es2015.7a264d14fd7126ba8db0.js HTTP/1.1" 200 -
::1 - - [01/Aug/2019:12:13:19 +0000] "GET /assets/bootstrap.min.js HTTP/1.1" 200 -
::1 - - [01/Aug/2019:12:13:19 +0000] "GET /assets/bootstrap.min.css HTTP/1.1" 200 -
::1 - - [01/Aug/2019:12:13:19 +0000] "GET /styles.069e88ca6a6f83105953.css HTTP/1.1" 200 -
::1 - - [01/Aug/2019:12:13:20 +0000] "GET /main-es2015.fb6dfbd74756fca7d2db.js HTTP/1.1" 200 -
::1 - - [01/Aug/2019:12:13:21 +0000] "GET /assets/images/facebook.png HTTP/1.1" 200 3512
::1 - - [01/Aug/2019:12:13:21 +0000] "GET /assets/images/twitter.png HTTP/1.1" 200 5474
::1 - - [01/Aug/2019:12:13:21 +0000] "GET /assets/images/whatsapp.png HTTP/1.1" 200 7204
::1 - - [01/Aug/2019:12:13:21 +0000] "GET /assets/images/instagram.png HTTP/1.1" 200 5907
::1 - - [01/Aug/2019:12:13:21 +0000] "GET /assets/images/phone2.png HTTP/1.1" 200 6827
::1 - - [01/Aug/2019:12:13:21 +0000] "GET /assets/images/logo.jpg HTTP/1.1" 200 315163
::1 - - [01/Aug/2019:12:13:21 +0000] "GET /assets/images/email2.png HTTP/1.1" 200 4448
::1 - - [01/Aug/2019:12:13:23 +0000] "GET /assets/images/book.jpg HTTP/1.1" 200 13124629
::1 - - [01/Aug/2019:12:13:24 +0000] "GET /assets/images/icon.png HTTP/1.1" 200 8758
